0.2830499999690801	EXP	Created Window = Window( name=Window, fullscr=true, color=#808080, units=height, waitBlanking=true, autoLog=true, size=[1366,576] )
6.9950149999931455	EXP	Created text = TextStim( name=text, win=Window( name=Window, fullscr=true, color=#808080, ~), autoDraw=null, autoLog=true, units=height, ori=null, opacity=1, pos=[0,0], size=undefined, text=TESTING

press the left key if you see a triangle ~, font=Arial, color=#FFFFFF, contrast=1, height=0.04, bold=null, italic=null, alignHoriz=left, alignVert=center, wrapWidth=1, flipHoriz=null, flipVert=null )
7.005015000002459	EXP	Created instruction_1 = TextStim( name=instruction_1, win=Window( name=Window, fullscr=true, color=#808080, ~), autoDraw=null, autoLog=true, units=height, ori=null, opacity=1, pos=[0,0], size=undefined, text=instruction1, font=Arial, color=#FFFFFF, contrast=1, height=0.1, bold=null, italic=null, alignHoriz=left, alignVert=center, wrapWidth=1, flipHoriz=null, flipVert=null )
7.006524999975227	EXP	Created fixa = TextStim( name=fixa, win=Window( name=Window, fullscr=true, color=#808080, ~), autoDraw=null, autoLog=true, units=height, ori=null, opacity=1, pos=[0,0], size=undefined, text=+, font=Arial, color=#FFFFFF, contrast=1, height=0.1, bold=null, italic=null, alignHoriz=left, alignVert=center, wrapWidth=1, flipHoriz=null, flipVert=null )
7.024704999988899	EXP	Created grid_practice = ImageStim( name=grid_practice, win=Window( name=Window, fullscr=true, color=#808080, ~), autoDraw=null, autoLog=true, units=height, ori=null, opacity=1, pos=[0,0.12], size=[0.5,0.25], image={}, mask=undefined, color=#ffffff, contrast=1, texRes=128, interpolate=true, depth=null, flipHoriz=null, flipVert=null )
7.026134999992792	EXP	Created stim_practice1 = TextStim( name=stim_practice1, win=Window( name=Window, fullscr=true, color=#808080, ~), autoDraw=null, autoLog=true, units=height, ori=null, opacity=1, pos=[0,0], size=undefined, text=default text, font=Arial, color=#FFFFFF, contrast=1, height=0.2, bold=null, italic=null, alignHoriz=left, alignVert=center, wrapWidth=1, flipHoriz=null, flipVert=null )
7.027354999969248	EXP	Created instruction_2 = TextStim( name=instruction_2, win=Window( name=Window, fullscr=true, color=#808080, ~), autoDraw=null, autoLog=true, units=height, ori=null, opacity=1, pos=[0,0], size=undefined, text=instruction2, font=Arial, color=#FFFFFF, contrast=1, height=0.1, bold=null, italic=null, alignHoriz=left, alignVert=center, wrapWidth=1, flipHoriz=null, flipVert=null )
7.032489999954123	EXP	Created fixa = TextStim( name=fixa, win=Window( name=Window, fullscr=true, color=#808080, ~), autoDraw=null, autoLog=true, units=height, ori=null, opacity=1, pos=[0,0], size=undefined, text=+, font=Arial, color=#FFFFFF, contrast=1, height=0.1, bold=null, italic=null, alignHoriz=left, alignVert=center, wrapWidth=1, flipHoriz=null, flipVert=null )
7.035570000007283	EXP	Created grid_2 = ImageStim( name=grid_2, win=Window( name=Window, fullscr=true, color=#808080, ~), autoDraw=null, autoLog=true, units=height, ori=null, opacity=1, pos=[0,-0.12], size=[0.5,0.25], image={}, mask=undefined, color=#ffffff, contrast=1, texRes=128, interpolate=true, depth=null, flipHoriz=null, flipVert=null )
7.037524999992456	EXP	Created stim_practice2 = TextStim( name=stim_practice2, win=Window( name=Window, fullscr=true, color=#808080, ~), autoDraw=null, autoLog=true, units=height, ori=null, opacity=1, pos=[0,0], size=undefined, text=default text, font=Arial, color=#FFFFFF, contrast=1, height=0.2, bold=null, italic=null, alignHoriz=left, alignVert=center, wrapWidth=1, flipHoriz=null, flipVert=null )
7.038925000000745	EXP	Created instructions3 = TextStim( name=instructions3, win=Window( name=Window, fullscr=true, color=#808080, ~), autoDraw=null, autoLog=true, units=height, ori=null, opacity=1, pos=[0,0], size=undefined, text=instruction3, font=Arial, color=#FFFFFF, contrast=1, height=0.1, bold=null, italic=null, alignHoriz=left, alignVert=center, wrapWidth=1, flipHoriz=null, flipVert=null )
7.040564999973867	EXP	Created fixa = TextStim( name=fixa, win=Window( name=Window, fullscr=true, color=#808080, ~), autoDraw=null, autoLog=true, units=height, ori=null, opacity=1, pos=[0,0], size=undefined, text=+, font=Arial, color=#FFFFFF, contrast=1, height=0.1, bold=null, italic=null, alignHoriz=left, alignVert=center, wrapWidth=1, flipHoriz=null, flipVert=null )
7.05022499995539	EXP	Created stimu = TextStim( name=stimu, win=Window( name=Window, fullscr=true, color=#808080, ~), autoDraw=null, autoLog=true, units=height, ori=null, opacity=1, pos=[0,0], size=undefined, text=default text, font=Arial, color=#FFFFFF, contrast=1, height=0.2, bold=null, italic=null, alignHoriz=left, alignVert=center, wrapWidth=1, flipHoriz=null, flipVert=null )
7.07469499995932	EXP	Created image = ImageStim( name=image, win=Window( name=Window, fullscr=true, color=#808080, ~), autoDraw=null, autoLog=true, units=height, ori=null, opacity=1, pos=[0,0], size=[0.5,0.5], image={}, mask=undefined, color=#ffffff, contrast=1, texRes=128, interpolate=true, depth=-2, flipHoriz=null, flipVert=null )
7.133815000008326	EXP	text: units = "height"
7.133815000008326	EXP	text: ori = 0
7.133815000008326	EXP	text: opacity = 1
7.133815000008326	EXP	text: pos = [0,0]
7.133815000008326	EXP	text: size = undefined
7.133815000008326	EXP	text: text = "TESTING\n\npress the left key if you see a triangle and right key if you see a square\npress b if you see one dot and n if you see two dots\n\n*note to have images of these in here\n\npress space to continue"
7.133815000008326	EXP	text: font = "Arial"
7.133815000008326	EXP	text: color = {"_hex":"#FFFFFF","_rgb":[1,1,1]}
7.133815000008326	EXP	text: contrast = 1
7.133815000008326	EXP	text: height = 0.04
7.133815000008326	EXP	text: bold = false
7.133815000008326	EXP	text: italic = false
7.133815000008326	EXP	text: alignHoriz = "left"
7.133815000008326	EXP	text: alignVert = "center"
7.133815000008326	EXP	text: wrapWidth = 1
7.133815000008326	EXP	text: flipHoriz = false
7.133815000008326	EXP	text: flipVert = false
7.133815000008326	EXP	instruction_1: units = "height"
7.133815000008326	EXP	instruction_1: ori = 0
7.133815000008326	EXP	instruction_1: opacity = 1
7.133815000008326	EXP	instruction_1: pos = [0,0]
7.133815000008326	EXP	instruction_1: size = undefined
7.133815000008326	EXP	instruction_1: text = "instruction1"
7.133815000008326	EXP	instruction_1: font = "Arial"
7.133815000008326	EXP	instruction_1: color = {"_hex":"#FFFFFF","_rgb":[1,1,1]}
7.133815000008326	EXP	instruction_1: contrast = 1
7.133815000008326	EXP	instruction_1: height = 0.1
7.133815000008326	EXP	instruction_1: bold = false
7.133815000008326	EXP	instruction_1: italic = false
7.133815000008326	EXP	instruction_1: alignHoriz = "left"
7.133815000008326	EXP	instruction_1: alignVert = "center"
7.133815000008326	EXP	instruction_1: wrapWidth = 1
7.133815000008326	EXP	instruction_1: flipHoriz = false
7.133815000008326	EXP	instruction_1: flipVert = false
7.133815000008326	EXP	fixa: units = "height"
7.133815000008326	EXP	fixa: ori = 0
7.133815000008326	EXP	fixa: opacity = 1
7.133815000008326	EXP	fixa: pos = [0,0]
7.133815000008326	EXP	fixa: size = undefined
7.133815000008326	EXP	fixa: text = "+"
7.133815000008326	EXP	fixa: font = "Arial"
7.133815000008326	EXP	fixa: color = {"_hex":"#FFFFFF","_rgb":[1,1,1]}
7.133815000008326	EXP	fixa: contrast = 1
7.133815000008326	EXP	fixa: height = 0.1
7.133815000008326	EXP	fixa: bold = false
7.133815000008326	EXP	fixa: italic = false
7.133815000008326	EXP	fixa: alignHoriz = "left"
7.133815000008326	EXP	fixa: alignVert = "center"
7.133815000008326	EXP	fixa: wrapWidth = 1
7.133815000008326	EXP	fixa: flipHoriz = false
7.133815000008326	EXP	fixa: flipVert = false
7.133815000008326	EXP	grid_practice: units = "height"
7.133815000008326	EXP	grid_practice: ori = 0
7.133815000008326	EXP	grid_practice: opacity = 1
7.133815000008326	EXP	grid_practice: pos = [0,0.12]
7.133815000008326	EXP	grid_practice: size = [0.5,0.25]
7.133815000008326	EXP	grid_practice: image = {}
7.133815000008326	EXP	grid_practice: mask = undefined
7.133815000008326	EXP	grid_practice: color = {"_rgb":[1,1,1]}
7.133815000008326	EXP	grid_practice: contrast = 1
7.133815000008326	EXP	grid_practice: texRes = 128
7.133815000008326	EXP	grid_practice: interpolate = true
7.133815000008326	EXP	grid_practice: depth = 0
7.133815000008326	EXP	grid_practice: flipHoriz = false
7.133815000008326	EXP	grid_practice: flipVert = false
7.133815000008326	EXP	stim_practice1: units = "height"
7.133815000008326	EXP	stim_practice1: ori = 0
7.133815000008326	EXP	stim_practice1: opacity = 1
7.133815000008326	EXP	stim_practice1: pos = [0,0]
7.133815000008326	EXP	stim_practice1: size = undefined
7.133815000008326	EXP	stim_practice1: text = "default text"
7.133815000008326	EXP	stim_practice1: font = "Arial"
7.133815000008326	EXP	stim_practice1: color = {"_hex":"#FFFFFF","_rgb":[1,1,1]}
7.133815000008326	EXP	stim_practice1: contrast = 1
7.133815000008326	EXP	stim_practice1: height = 0.2
7.133815000008326	EXP	stim_practice1: bold = false
7.133815000008326	EXP	stim_practice1: italic = false
7.133815000008326	EXP	stim_practice1: alignHoriz = "left"
7.133815000008326	EXP	stim_practice1: alignVert = "center"
7.133815000008326	EXP	stim_practice1: wrapWidth = 1
7.133815000008326	EXP	stim_practice1: flipHoriz = false
7.133815000008326	EXP	stim_practice1: flipVert = false
7.133815000008326	EXP	instruction_2: units = "height"
7.133815000008326	EXP	instruction_2: ori = 0
7.133815000008326	EXP	instruction_2: opacity = 1
7.133815000008326	EXP	instruction_2: pos = [0,0]
7.133815000008326	EXP	instruction_2: size = undefined
7.133815000008326	EXP	instruction_2: text = "instruction2"
7.133815000008326	EXP	instruction_2: font = "Arial"
7.133815000008326	EXP	instruction_2: color = {"_hex":"#FFFFFF","_rgb":[1,1,1]}
7.133815000008326	EXP	instruction_2: contrast = 1
7.133815000008326	EXP	instruction_2: height = 0.1
7.133815000008326	EXP	instruction_2: bold = false
7.133815000008326	EXP	instruction_2: italic = false
7.133815000008326	EXP	instruction_2: alignHoriz = "left"
7.133815000008326	EXP	instruction_2: alignVert = "center"
7.133815000008326	EXP	instruction_2: wrapWidth = 1
7.133815000008326	EXP	instruction_2: flipHoriz = false
7.133815000008326	EXP	instruction_2: flipVert = false
7.133815000008326	EXP	fixa: units = "height"
7.133815000008326	EXP	fixa: ori = 0
7.133815000008326	EXP	fixa: opacity = 1
7.133815000008326	EXP	fixa: pos = [0,0]
7.133815000008326	EXP	fixa: size = undefined
7.133815000008326	EXP	fixa: text = "+"
7.133815000008326	EXP	fixa: font = "Arial"
7.133815000008326	EXP	fixa: color = {"_hex":"#FFFFFF","_rgb":[1,1,1]}
7.133815000008326	EXP	fixa: contrast = 1
7.133815000008326	EXP	fixa: height = 0.1
7.133815000008326	EXP	fixa: bold = false
7.133815000008326	EXP	fixa: italic = false
7.133815000008326	EXP	fixa: alignHoriz = "left"
7.133815000008326	EXP	fixa: alignVert = "center"
7.133815000008326	EXP	fixa: wrapWidth = 1
7.133815000008326	EXP	fixa: flipHoriz = false
7.133815000008326	EXP	fixa: flipVert = false
7.133815000008326	EXP	grid_2: units = "height"
7.133815000008326	EXP	grid_2: ori = 0
7.133815000008326	EXP	grid_2: opacity = 1
7.133815000008326	EXP	grid_2: pos = [0,-0.12]
7.133815000008326	EXP	grid_2: size = [0.5,0.25]
7.133815000008326	EXP	grid_2: image = {}
7.133815000008326	EXP	grid_2: mask = undefined
7.133815000008326	EXP	grid_2: color = {"_rgb":[1,1,1]}
7.133815000008326	EXP	grid_2: contrast = 1
7.133815000008326	EXP	grid_2: texRes = 128
7.133815000008326	EXP	grid_2: interpolate = true
7.133815000008326	EXP	grid_2: depth = 0
7.133815000008326	EXP	grid_2: flipHoriz = false
7.133815000008326	EXP	grid_2: flipVert = false
7.133815000008326	EXP	stim_practice2: units = "height"
7.133815000008326	EXP	stim_practice2: ori = 0
7.133815000008326	EXP	stim_practice2: opacity = 1
7.133815000008326	EXP	stim_practice2: pos = [0,0]
7.133815000008326	EXP	stim_practice2: size = undefined
7.133815000008326	EXP	stim_practice2: text = "default text"
7.133815000008326	EXP	stim_practice2: font = "Arial"
7.133815000008326	EXP	stim_practice2: color = {"_hex":"#FFFFFF","_rgb":[1,1,1]}
7.133815000008326	EXP	stim_practice2: contrast = 1
7.133815000008326	EXP	stim_practice2: height = 0.2
7.133815000008326	EXP	stim_practice2: bold = false
7.133815000008326	EXP	stim_practice2: italic = false
7.133815000008326	EXP	stim_practice2: alignHoriz = "left"
7.133815000008326	EXP	stim_practice2: alignVert = "center"
7.133815000008326	EXP	stim_practice2: wrapWidth = 1
7.133815000008326	EXP	stim_practice2: flipHoriz = false
7.133815000008326	EXP	stim_practice2: flipVert = false
7.133815000008326	EXP	instructions3: units = "height"
7.133815000008326	EXP	instructions3: ori = 0
7.133815000008326	EXP	instructions3: opacity = 1
7.133815000008326	EXP	instructions3: pos = [0,0]
7.133815000008326	EXP	instructions3: size = undefined
7.133815000008326	EXP	instructions3: text = "instruction3"
7.133815000008326	EXP	instructions3: font = "Arial"
7.133815000008326	EXP	instructions3: color = {"_hex":"#FFFFFF","_rgb":[1,1,1]}
7.133815000008326	EXP	instructions3: contrast = 1
7.133815000008326	EXP	instructions3: height = 0.1
7.133815000008326	EXP	instructions3: bold = false
7.133815000008326	EXP	instructions3: italic = false
7.133815000008326	EXP	instructions3: alignHoriz = "left"
7.133815000008326	EXP	instructions3: alignVert = "center"
7.133815000008326	EXP	instructions3: wrapWidth = 1
7.133815000008326	EXP	instructions3: flipHoriz = false
7.133815000008326	EXP	instructions3: flipVert = false
7.133815000008326	EXP	fixa: units = "height"
7.133815000008326	EXP	fixa: ori = 0
7.133815000008326	EXP	fixa: opacity = 1
7.133815000008326	EXP	fixa: pos = [0,0]
7.133815000008326	EXP	fixa: size = undefined
7.133815000008326	EXP	fixa: text = "+"
7.133815000008326	EXP	fixa: font = "Arial"
7.133815000008326	EXP	fixa: color = {"_hex":"#FFFFFF","_rgb":[1,1,1]}
7.133815000008326	EXP	fixa: contrast = 1
7.133815000008326	EXP	fixa: height = 0.1
7.133815000008326	EXP	fixa: bold = false
7.133815000008326	EXP	fixa: italic = false
7.133815000008326	EXP	fixa: alignHoriz = "left"
7.133815000008326	EXP	fixa: alignVert = "center"
7.133815000008326	EXP	fixa: wrapWidth = 1
7.133815000008326	EXP	fixa: flipHoriz = false
7.133815000008326	EXP	fixa: flipVert = false
7.133815000008326	EXP	stimu: units = "height"
7.133815000008326	EXP	stimu: ori = 0
7.133815000008326	EXP	stimu: opacity = 1
7.133815000008326	EXP	stimu: pos = [0,0]
7.133815000008326	EXP	stimu: size = undefined
7.133815000008326	EXP	stimu: text = "default text"
7.133815000008326	EXP	stimu: font = "Arial"
7.133815000008326	EXP	stimu: color = {"_hex":"#FFFFFF","_rgb":[1,1,1]}
7.133815000008326	EXP	stimu: contrast = 1
7.133815000008326	EXP	stimu: height = 0.2
7.133815000008326	EXP	stimu: bold = false
7.133815000008326	EXP	stimu: italic = false
7.133815000008326	EXP	stimu: alignHoriz = "left"
7.133815000008326	EXP	stimu: alignVert = "center"
7.133815000008326	EXP	stimu: wrapWidth = 1
7.133815000008326	EXP	stimu: flipHoriz = false
7.133815000008326	EXP	stimu: flipVert = false
7.133815000008326	EXP	image: units = "height"
7.133815000008326	EXP	image: ori = 0
7.133815000008326	EXP	image: opacity = 1
7.133815000008326	EXP	image: pos = [0,0]
7.133815000008326	EXP	image: size = [0.5,0.5]
7.133815000008326	EXP	image: image = {}
7.133815000008326	EXP	image: mask = undefined
7.133815000008326	EXP	image: color = {"_rgb":[1,1,1]}
7.133815000008326	EXP	image: contrast = 1
7.133815000008326	EXP	image: texRes = 128
7.133815000008326	EXP	image: interpolate = true
7.133815000008326	EXP	image: depth = -2
7.133815000008326	EXP	image: flipHoriz = false
7.133815000008326	EXP	image: flipVert = false
7.133815000008326	EXP	text: autoDraw = true
7.7440699999569915	DATA	Mouse: 0 button down, pos=(786,609)
7.84138499997789	DATA	Mouse: 0 button down, pos=(786,609)
8.617874999996275	DATA	Keydown:  
8.641194999974687	EXP	text: autoDraw = false
8.641194999974687	EXP	instruction_1: autoDraw = true
10.719069999991916	DATA	Keydown:  
10.926470000005793	EXP	instruction_1: autoDraw = false
10.926470000005793	EXP	fixa: autoDraw = true
11.193864999979269	EXP	fixa: autoDraw = false
11.193864999979269	EXP	stim_practice1: pos = [-0.12,0.12]
11.193864999979269	EXP	stim_practice1: text = "▲"
11.193864999979269	EXP	grid_practice: autoDraw = true
11.193864999979269	EXP	stim_practice1: autoDraw = true
13.144969999964815	EXP	grid_practice: autoDraw = false
13.144969999964815	EXP	stim_practice1: autoDraw = false
13.144969999964815	EXP	grid_practice: autoDraw = false
13.144969999964815	EXP	stim_practice1: autoDraw = false
13.144969999964815	EXP	fixa: autoDraw = true
13.573464999964926	EXP	fixa: autoDraw = false
13.573464999964926	EXP	fixa: autoDraw = false
13.573464999964926	EXP	stim_practice1: pos = [0.12,0.12]
13.573464999964926	EXP	stim_practice1: text = "∎"
13.573464999964926	EXP	grid_practice: autoDraw = true
13.573464999964926	EXP	stim_practice1: autoDraw = true
15.542859999986831	EXP	grid_practice: autoDraw = false
15.542859999986831	EXP	stim_practice1: autoDraw = false
15.542859999986831	EXP	grid_practice: autoDraw = false
15.542859999986831	EXP	stim_practice1: autoDraw = false
15.542859999986831	EXP	fixa: autoDraw = true
15.95192500000121	EXP	fixa: autoDraw = false
15.95192500000121	EXP	fixa: autoDraw = false
15.95192500000121	EXP	stim_practice1: pos = [-0.12,0.12]
15.95192500000121	EXP	stim_practice1: text = "▲"
15.95192500000121	EXP	grid_practice: autoDraw = true
15.95192500000121	EXP	stim_practice1: autoDraw = true
17.939420000009704	EXP	grid_practice: autoDraw = false
17.939420000009704	EXP	stim_practice1: autoDraw = false
17.939420000009704	EXP	grid_practice: autoDraw = false
17.939420000009704	EXP	stim_practice1: autoDraw = false
17.939420000009704	EXP	fixa: autoDraw = true
18.344994999992196	EXP	fixa: autoDraw = false
18.344994999992196	EXP	fixa: autoDraw = false
18.344994999992196	EXP	stim_practice1: pos = [0.12,0.12]
18.344994999992196	EXP	stim_practice1: text = "∎"
18.344994999992196	EXP	grid_practice: autoDraw = true
18.344994999992196	EXP	stim_practice1: autoDraw = true
20.339464999968186	EXP	grid_practice: autoDraw = false
20.339464999968186	EXP	stim_practice1: autoDraw = false
20.339464999968186	EXP	grid_practice: autoDraw = false
20.339464999968186	EXP	stim_practice1: autoDraw = false
20.339464999968186	EXP	fixa: autoDraw = true
20.743480000004638	EXP	fixa: autoDraw = false
20.743480000004638	EXP	fixa: autoDraw = false
20.743480000004638	EXP	stim_practice1: pos = [-0.12,0.12]
20.743480000004638	EXP	stim_practice1: text = "∎"
20.743480000004638	EXP	grid_practice: autoDraw = true
20.743480000004638	EXP	stim_practice1: autoDraw = true
22.734754999983124	EXP	grid_practice: autoDraw = false
22.734754999983124	EXP	stim_practice1: autoDraw = false
22.734754999983124	EXP	grid_practice: autoDraw = false
22.734754999983124	EXP	stim_practice1: autoDraw = false
22.734754999983124	EXP	fixa: autoDraw = true
23.136624999984633	EXP	fixa: autoDraw = false
23.136624999984633	EXP	fixa: autoDraw = false
23.136624999984633	EXP	stim_practice1: pos = [0.12,0.12]
23.136624999984633	EXP	stim_practice1: text = "▲"
23.136624999984633	EXP	grid_practice: autoDraw = true
23.136624999984633	EXP	stim_practice1: autoDraw = true
25.134184999973513	EXP	grid_practice: autoDraw = false
25.134184999973513	EXP	stim_practice1: autoDraw = false
25.134184999973513	EXP	grid_practice: autoDraw = false
25.134184999973513	EXP	stim_practice1: autoDraw = false
25.134184999973513	EXP	fixa: autoDraw = true
25.53805500001181	EXP	fixa: autoDraw = false
25.53805500001181	EXP	fixa: autoDraw = false
25.53805500001181	EXP	stim_practice1: pos = [-0.12,0.12]
25.53805500001181	EXP	stim_practice1: text = "∎"
25.53805500001181	EXP	grid_practice: autoDraw = true
25.53805500001181	EXP	stim_practice1: autoDraw = true
27.53082499996526	EXP	grid_practice: autoDraw = false
27.53082499996526	EXP	stim_practice1: autoDraw = false
27.53082499996526	EXP	grid_practice: autoDraw = false
27.53082499996526	EXP	stim_practice1: autoDraw = false
27.53082499996526	EXP	fixa: autoDraw = true
27.93299499998102	EXP	fixa: autoDraw = false
27.93299499998102	EXP	fixa: autoDraw = false
27.93299499998102	EXP	stim_practice1: pos = [0.12,0.12]
27.93299499998102	EXP	stim_practice1: text = "▲"
27.93299499998102	EXP	grid_practice: autoDraw = true
27.93299499998102	EXP	stim_practice1: autoDraw = true
29.927749999973457	EXP	grid_practice: autoDraw = false
29.927749999973457	EXP	stim_practice1: autoDraw = false
29.927749999973457	EXP	grid_practice: autoDraw = false
29.927749999973457	EXP	stim_practice1: autoDraw = false
29.927749999973457	EXP	fixa: autoDraw = true
30.330084999965038	EXP	fixa: autoDraw = false
30.330084999965038	EXP	fixa: autoDraw = false
30.330084999965038	EXP	stim_practice1: pos = [-0.12,0.12]
30.330084999965038	EXP	stim_practice1: text = "▲"
30.330084999965038	EXP	grid_practice: autoDraw = true
30.330084999965038	EXP	stim_practice1: autoDraw = true
32.324939999962226	EXP	grid_practice: autoDraw = false
32.324939999962226	EXP	stim_practice1: autoDraw = false
32.324939999962226	EXP	grid_practice: autoDraw = false
32.324939999962226	EXP	stim_practice1: autoDraw = false
32.324939999962226	EXP	fixa: autoDraw = true
32.726374999969266	EXP	fixa: autoDraw = false
32.726374999969266	EXP	fixa: autoDraw = false
32.726374999969266	EXP	stim_practice1: pos = [0.12,0.12]
32.726374999969266	EXP	stim_practice1: text = "∎"
32.726374999969266	EXP	grid_practice: autoDraw = true
32.726374999969266	EXP	stim_practice1: autoDraw = true
34.73060499998974	EXP	grid_practice: autoDraw = false
34.73060499998974	EXP	stim_practice1: autoDraw = false
34.73060499998974	EXP	grid_practice: autoDraw = false
34.73060499998974	EXP	stim_practice1: autoDraw = false
34.73060499998974	EXP	instruction_2: autoDraw = true
94.617425000004	DATA	Keydown:  
94.693414999987	EXP	instruction_2: autoDraw = false
94.693414999987	EXP	fixa: autoDraw = true
95.06041999999434	EXP	fixa: autoDraw = false
95.06041999999434	EXP	stim_practice2: pos = [0.12,-0.12]
95.06041999999434	EXP	stim_practice2: text = "•"
95.06041999999434	EXP	grid_2: autoDraw = true
95.06041999999434	EXP	stim_practice2: autoDraw = true
97.03945999999996	EXP	grid_2: autoDraw = false
97.03945999999996	EXP	stim_practice2: autoDraw = false
97.03945999999996	EXP	grid_2: autoDraw = false
97.03945999999996	EXP	stim_practice2: autoDraw = false
97.03945999999996	EXP	fixa: autoDraw = true
97.45394999999553	EXP	fixa: autoDraw = false
97.45394999999553	EXP	fixa: autoDraw = false
97.45394999999553	EXP	stim_practice2: pos = [-0.12,-0.12]
97.45394999999553	EXP	stim_practice2: text = "••"
97.45394999999553	EXP	grid_2: autoDraw = true
97.45394999999553	EXP	stim_practice2: autoDraw = true
99.43624499998987	EXP	grid_2: autoDraw = false
99.43624499998987	EXP	stim_practice2: autoDraw = false
99.43624499998987	EXP	grid_2: autoDraw = false
99.43624499998987	EXP	stim_practice2: autoDraw = false
99.43624499998987	EXP	fixa: autoDraw = true
99.84586000000127	EXP	fixa: autoDraw = false
99.84586000000127	EXP	fixa: autoDraw = false
99.84586000000127	EXP	stim_practice2: pos = [0.12,-0.12]
99.84586000000127	EXP	stim_practice2: text = "••"
99.84586000000127	EXP	grid_2: autoDraw = true
99.84586000000127	EXP	stim_practice2: autoDraw = true
101.83585499995388	EXP	grid_2: autoDraw = false
101.83585499995388	EXP	stim_practice2: autoDraw = false
101.83585499995388	EXP	grid_2: autoDraw = false
101.83585499995388	EXP	stim_practice2: autoDraw = false
101.83585499995388	EXP	fixa: autoDraw = true
102.2358949999907	EXP	fixa: autoDraw = false
102.2358949999907	EXP	fixa: autoDraw = false
102.2358949999907	EXP	stim_practice2: pos = [-0.12,-0.12]
102.2358949999907	EXP	stim_practice2: text = "•"
102.2358949999907	EXP	grid_2: autoDraw = true
102.2358949999907	EXP	stim_practice2: autoDraw = true
104.2314400000032	EXP	grid_2: autoDraw = false
104.2314400000032	EXP	stim_practice2: autoDraw = false
104.2314400000032	EXP	grid_2: autoDraw = false
104.2314400000032	EXP	stim_practice2: autoDraw = false
104.2314400000032	EXP	fixa: autoDraw = true
104.63550999999279	EXP	fixa: autoDraw = false
104.63550999999279	EXP	fixa: autoDraw = false
104.63550999999279	EXP	stim_practice2: pos = [0.12,-0.12]
104.63550999999279	EXP	stim_practice2: text = "•"
104.63550999999279	EXP	grid_2: autoDraw = true
104.63550999999279	EXP	stim_practice2: autoDraw = true
106.63042999996105	EXP	grid_2: autoDraw = false
106.63042999996105	EXP	stim_practice2: autoDraw = false
106.63042999996105	EXP	grid_2: autoDraw = false
106.63042999996105	EXP	stim_practice2: autoDraw = false
106.63042999996105	EXP	fixa: autoDraw = true
107.03148499998497	EXP	fixa: autoDraw = false
107.03148499998497	EXP	fixa: autoDraw = false
107.03148499998497	EXP	stim_practice2: pos = [-0.12,-0.12]
107.03148499998497	EXP	stim_practice2: text = "••"
107.03148499998497	EXP	grid_2: autoDraw = true
107.03148499998497	EXP	stim_practice2: autoDraw = true
109.04025499999989	EXP	grid_2: autoDraw = false
109.04025499999989	EXP	stim_practice2: autoDraw = false
109.04025499999989	EXP	grid_2: autoDraw = false
109.04025499999989	EXP	stim_practice2: autoDraw = false
109.04025499999989	EXP	fixa: autoDraw = true
109.42979500000365	EXP	fixa: autoDraw = false
109.42979500000365	EXP	stim_practice2: pos = [0.12,-0.12]
109.42979500000365	EXP	stim_practice2: text = "•"
109.42979500000365	EXP	grid_2: autoDraw = true
109.42979500000365	EXP	stim_practice2: autoDraw = true
109.96569499996258	DATA	Keydown:  
111.17891999997664	DATA	Keydown: b
111.1902199999895	EXP	grid_2: autoDraw = false
111.1902199999895	EXP	stim_practice2: autoDraw = false
111.1902199999895	EXP	fixa: autoDraw = true
111.5946249999688	EXP	fixa: autoDraw = false
111.5946249999688	EXP	fixa: autoDraw = false
111.5946249999688	EXP	stim_practice2: pos = [-0.12,-0.12]
111.5946249999688	EXP	stim_practice2: text = "••"
111.5946249999688	EXP	grid_2: autoDraw = true
111.5946249999688	EXP	stim_practice2: autoDraw = true
111.90701500000432	DATA	Keydown: n
111.92146499996306	EXP	grid_2: autoDraw = false
111.92146499996306	EXP	stim_practice2: autoDraw = false
111.92146499996306	EXP	fixa: autoDraw = true
112.32433499995386	EXP	fixa: autoDraw = false
112.32433499995386	EXP	fixa: autoDraw = false
112.32433499995386	EXP	stim_practice2: pos = [0.12,-0.12]
112.32433499995386	EXP	stim_practice2: text = "•"
112.32433499995386	EXP	grid_2: autoDraw = true
112.32433499995386	EXP	stim_practice2: autoDraw = true
112.54800499998964	DATA	Keydown: b
112.5567999999621	EXP	grid_2: autoDraw = false
112.5567999999621	EXP	stim_practice2: autoDraw = false
112.5567999999621	EXP	fixa: autoDraw = true
112.9640650000074	EXP	fixa: autoDraw = false
112.9640650000074	EXP	fixa: autoDraw = false
112.9640650000074	EXP	stim_practice2: pos = [-0.12,-0.12]
112.9640650000074	EXP	stim_practice2: text = "•"
112.9640650000074	EXP	grid_2: autoDraw = true
112.9640650000074	EXP	stim_practice2: autoDraw = true
113.17890499997884	DATA	Keydown: n
113.19274500000756	EXP	grid_2: autoDraw = false
113.19274500000756	EXP	stim_practice2: autoDraw = false
113.19274500000756	EXP	instructions3: autoDraw = true
115.29534999997122	DATA	Keydown:  
115.33425999997417	EXP	instructions3: autoDraw = false
115.33425999997417	EXP	fixa: autoDraw = true
115.77749000000767	EXP	fixa: autoDraw = false
115.77749000000767	EXP	stimu: pos = [-0.12,0.12]
115.77749000000767	EXP	stimu: text = "▲"
115.77749000000767	EXP	stimu: autoDraw = true
115.77749000000767	EXP	image: autoDraw = true
116.27424999995856	DATA	Keydown: b
116.28756999998586	EXP	stimu: autoDraw = false
116.28756999998586	EXP	image: autoDraw = false
116.28756999998586	EXP	fixa: autoDraw = true
116.68987000000197	EXP	fixa: autoDraw = false
116.68987000000197	EXP	fixa: autoDraw = false
116.68987000000197	EXP	stimu: pos = [0.12,0.12]
116.68987000000197	EXP	stimu: text = "∎"
116.68987000000197	EXP	stimu: autoDraw = true
116.68987000000197	EXP	image: autoDraw = true
116.89725499995984	DATA	Keydown: n
116.90655999997398	EXP	stimu: autoDraw = false
116.90655999997398	EXP	image: autoDraw = false
116.90655999997398	EXP	fixa: autoDraw = true
117.30292499996722	EXP	fixa: autoDraw = false
117.30292499996722	EXP	fixa: autoDraw = false
117.30292499996722	EXP	stimu: pos = [0.12,-0.12]
117.30292499996722	EXP	stimu: text = "•"
117.30292499996722	EXP	stimu: autoDraw = true
117.30292499996722	EXP	image: autoDraw = true
118.65633999998681	DATA	Keydown: b
118.66774999996414	EXP	stimu: autoDraw = false
118.66774999996414	EXP	image: autoDraw = false
118.66774999996414	EXP	fixa: autoDraw = true
119.07109499996295	EXP	fixa: autoDraw = false
119.07109499996295	EXP	fixa: autoDraw = false
119.07109499996295	EXP	stimu: pos = [-0.12,-0.12]
119.07109499996295	EXP	stimu: text = "••"
119.07109499996295	EXP	stimu: autoDraw = true
119.07109499996295	EXP	image: autoDraw = true
119.29878499999177	DATA	Keydown: n
119.31599999999162	EXP	stimu: autoDraw = false
119.31599999999162	EXP	image: autoDraw = false
119.31599999999162	EXP	fixa: autoDraw = true
119.72036999999546	EXP	fixa: autoDraw = false
119.72036999999546	EXP	fixa: autoDraw = false
119.72036999999546	EXP	stimu: pos = [-0.12,0.12]
119.72036999999546	EXP	stimu: text = "▲"
119.72036999999546	EXP	stimu: autoDraw = true
119.72036999999546	EXP	image: autoDraw = true
119.777929999982	DATA	Keydown: n
119.78890499996487	EXP	stimu: autoDraw = false
119.78890499996487	EXP	image: autoDraw = false
119.78890499996487	EXP	fixa: autoDraw = true
120.18319999997038	EXP	fixa: autoDraw = false
120.18319999997038	EXP	fixa: autoDraw = false
120.18319999997038	EXP	stimu: pos = [0.12,0.12]
120.18319999997038	EXP	stimu: text = "▲"
120.18319999997038	EXP	stimu: autoDraw = true
120.18319999997038	EXP	image: autoDraw = true
120.30942000000505	DATA	Keydown: n
120.31560999999056	EXP	stimu: autoDraw = false
120.31560999999056	EXP	image: autoDraw = false
120.31560999999056	EXP	fixa: autoDraw = true
120.71805500000482	EXP	fixa: autoDraw = false
120.71805500000482	EXP	fixa: autoDraw = false
120.71805500000482	EXP	stimu: pos = [0.12,-0.12]
120.71805500000482	EXP	stimu: text = "••"
120.71805500000482	EXP	stimu: autoDraw = true
120.71805500000482	EXP	image: autoDraw = true
120.81818999996176	DATA	Keydown: b
120.83065499999793	EXP	stimu: autoDraw = false
120.83065499999793	EXP	image: autoDraw = false
120.83065499999793	EXP	fixa: autoDraw = true
121.23196000000462	EXP	fixa: autoDraw = false
121.23196000000462	EXP	fixa: autoDraw = false
121.23196000000462	EXP	stimu: pos = [-0.12,-0.12]
121.23196000000462	EXP	stimu: text = "•"
121.23196000000462	EXP	stimu: autoDraw = true
121.23196000000462	EXP	image: autoDraw = true
121.30317999998806	DATA	Keydown: b
121.31150000001071	EXP	stimu: autoDraw = false
121.31150000001071	EXP	image: autoDraw = false
121.31150000001071	EXP	fixa: autoDraw = true
121.71689499996137	EXP	fixa: autoDraw = false
121.71689499996137	EXP	fixa: autoDraw = false
121.71689499996137	EXP	stimu: pos = [-0.12,0.12]
121.71689499996137	EXP	stimu: text = "∎"
121.71689499996137	EXP	stimu: autoDraw = true
121.71689499996137	EXP	image: autoDraw = true
122.5532349999994	DATA	Keydown: ArrowLeft
122.56258999998681	EXP	stimu: autoDraw = false
122.56258999998681	EXP	image: autoDraw = false
122.56258999998681	EXP	fixa: autoDraw = true
122.96946499997284	EXP	fixa: autoDraw = false
122.96946499997284	EXP	fixa: autoDraw = false
122.96946499997284	EXP	stimu: pos = [0.12,0.12]
122.96946499997284	EXP	stimu: text = "▲"
122.96946499997284	EXP	stimu: autoDraw = true
122.96946499997284	EXP	image: autoDraw = true
123.29767999995966	DATA	Keydown: ArrowRight
123.31222500000149	EXP	stimu: autoDraw = false
123.31222500000149	EXP	image: autoDraw = false
123.31222500000149	EXP	fixa: autoDraw = true
123.71564999996917	EXP	fixa: autoDraw = false
123.71564999996917	EXP	fixa: autoDraw = false
123.71564999996917	EXP	stimu: pos = [0.12,-0.12]
123.71564999996917	EXP	stimu: text = "•"
123.71564999996917	EXP	stimu: autoDraw = true
123.71564999996917	EXP	image: autoDraw = true
124.71480499999598	DATA	Keydown: n
124.72917000000598	EXP	stimu: autoDraw = false
124.72917000000598	EXP	image: autoDraw = false
124.72917000000598	EXP	fixa: autoDraw = true
125.13483999995515	EXP	fixa: autoDraw = false
125.13483999995515	EXP	fixa: autoDraw = false
125.13483999995515	EXP	stimu: pos = [-0.12,-0.12]
125.13483999995515	EXP	stimu: text = "•"
125.13483999995515	EXP	stimu: autoDraw = true
125.13483999995515	EXP	image: autoDraw = true
125.9959749999689	DATA	Keydown: b
